<?xml version="1.0" encoding="UTF-8"?>
<!-- Generated by org.testng.reporters.JUnitXMLReporter -->
<testsuite hostname="CAV-PC" name="Test" tests="8" failures="6" timestamp="17 May 2016 16:12:01 GMT" time="5.472" errors="0">
  <testcase name="facebookButtonTest" time="0.01" classname="com.test.HomePageTest">
    <failure type="java.lang.NullPointerException">
      <![CDATA[java.lang.NullPointerException
	at com.page.HomePage.facebookButton(HomePage.java:43)
	at com.test.HomePageTest.facebookButtonTest(HomePageTest.java:27)
... Removed 24 stack frames]]>
    </failure>
  </testcase> <!-- facebookButtonTest -->
  <testcase name="googleButtonTest" time="0.002" classname="com.test.HomePageTest">
    <failure type="java.lang.NullPointerException">
      <![CDATA[java.lang.NullPointerException
	at com.page.HomePage.googleButton(HomePage.java:68)
	at com.test.HomePageTest.googleButtonTest(HomePageTest.java:37)
... Removed 24 stack frames]]>
    </failure>
  </testcase> <!-- googleButtonTest -->
  <testcase name="isLogoAvailableTest" time="0.001" classname="com.test.HomePageTest">
    <failure type="java.lang.NullPointerException">
      <![CDATA[java.lang.NullPointerException
	at com.page.HomePage.isLogoAvailable(HomePage.java:30)
	at com.test.HomePageTest.isLogoAvailableTest(HomePageTest.java:22)
... Removed 24 stack frames]]>
    </failure>
  </testcase> <!-- isLogoAvailableTest -->
  <testcase name="navBarTest" time="0.002" classname="com.test.HomePageTest">
    <failure type="java.lang.NullPointerException">
      <![CDATA[java.lang.NullPointerException
	at com.page.HomePage.navBar(HomePage.java:88)
	at com.test.HomePageTest.navBarTest(HomePageTest.java:42)
... Removed 24 stack frames]]>
    </failure>
  </testcase> <!-- navBarTest -->
  <testcase name="testScreenshot" time="0.001" classname="com.test.HomePageTest">
    <failure type="java.lang.NullPointerException">
      <![CDATA[java.lang.NullPointerException
	at com.page.HomePage.takesScreenshot(HomePage.java:99)
	at com.test.HomePageTest.testScreenshot(HomePageTest.java:48)
... Removed 24 stack frames]]>
    </failure>
  </testcase> <!-- testScreenshot -->
  <testcase name="twitterButtonTest" time="0.001" classname="com.test.HomePageTest">
    <failure type="java.lang.NullPointerException">
      <![CDATA[java.lang.NullPointerException
	at com.page.HomePage.twitterButton(HomePage.java:55)
	at com.test.HomePageTest.twitterButtonTest(HomePageTest.java:32)
... Removed 24 stack frames]]>
    </failure>
  </testcase> <!-- twitterButtonTest -->
  <testcase name="screenshot" time="1.192" classname="com.test.FramesAndWindowsTest"/>
  <testcase name="test" time="4.166" classname="com.test.FramesAndWindowsTest"/>
</testsuite> <!-- Test -->
